mode: set
cadastral-service/internal/config/config.go:23.21,36.2 1 0
cadastral-service/internal/config/config.go:38.46,39.42 1 0
cadastral-service/internal/config/config.go:39.42,41.3 1 0
cadastral-service/internal/config/config.go:42.2,42.21 1 0
cadastral-service/internal/config/config.go:45.53,46.42 1 0
cadastral-service/internal/config/config.go:46.42,48.17 2 0
cadastral-service/internal/config/config.go:48.17,50.4 1 0
cadastral-service/internal/config/config.go:52.2,52.21 1 0
cadastral-service/pkg/logger/logger.go:13.25,19.22 4 0
cadastral-service/pkg/logger/logger.go:19.22,22.3 2 0
